<?xml version="1.0" encoding="UTF-8"?>
<!-- Generated by org.testng.reporters.JUnitXMLReporter -->
<testsuite ignored="2" hostname="DESKTOP-5NNF6N4" failures="0" tests="6" name="TestRunner-Chrome" time="207.037" errors="0" timestamp="2026-01-02T16:48:37 IST">
  <testcase classname="com.comcast.crm.contacttest.CreateContactTest2POM" name="CreateContactWithOrgTest2POM" time="69.291"/>
  <testcase classname="com.comcast.crm.contacttest.CreateContactTest2POM" name="CreateContactWithSupportDateTest2POM" time="15.84"/>
  <testcase classname="com.comcast.crm.contacttest.CreateContactTest2POM" name="createContactTest" time="19.745"/>
  <testcase classname="com.comcast.crm.orgtest.CreateOrganizationTest2UsingPOM" name="CreateOrganizationTest2UsingPOMTest" time="21.817"/>
  <testcase classname="com.comcast.crm.orgtest.CreateOrganizationTest2UsingPOM" name="CreateOrganizationWithIndustriesTest2POM" time="19.799"/>
  <testcase classname="com.comcast.crm.orgtest.CreateOrganizationTest2UsingPOM" name="CreateOrganizationWithPhoneNumberTest2POM" time="17.453"/>
  <testcase classname="com.crm.generic.baseutility.BaseClass" name="@AfterSuite configAS" time="0.0">
    <ignored/>
  </testcase> <!-- @AfterSuite configAS -->
  <testcase classname="com.crm.generic.baseutility.BaseClass" name="@BeforeSuite configBS" time="0.0">
    <ignored/>
  </testcase> <!-- @BeforeSuite configBS -->
</testsuite> <!-- TestRunner-Chrome -->
