<?xml version="1.0" encoding="UTF-8"?>
<!-- Generated by org.testng.reporters.JUnitXMLReporter -->
<testsuite ignored="2" hostname="DESKTOP-5NNF6N4" failures="0" tests="6" name="TestRunner-Firefox" time="206.471" errors="0" timestamp="2026-01-02T16:48:36 IST">
  <testcase classname="com.comcast.crm.contacttest.CreateContactTest2POM" name="CreateContactWithOrgTest2POM" time="56.361"/>
  <testcase classname="com.comcast.crm.contacttest.CreateContactTest2POM" name="CreateContactWithSupportDateTest2POM" time="15.882"/>
  <testcase classname="com.comcast.crm.contacttest.CreateContactTest2POM" name="createContactTest" time="18.078"/>
  <testcase classname="com.comcast.crm.orgtest.CreateOrganizationTest2UsingPOM" name="CreateOrganizationTest2UsingPOMTest" time="17.873"/>
  <testcase classname="com.comcast.crm.orgtest.CreateOrganizationTest2UsingPOM" name="CreateOrganizationWithIndustriesTest2POM" time="18.683"/>
  <testcase classname="com.comcast.crm.orgtest.CreateOrganizationTest2UsingPOM" name="CreateOrganizationWithPhoneNumberTest2POM" time="17.637"/>
  <testcase classname="com.crm.generic.baseutility.BaseClass" name="@BeforeSuite configBS" time="0.0">
    <ignored/>
  </testcase> <!-- @BeforeSuite configBS -->
  <testcase classname="com.crm.generic.baseutility.BaseClass" name="@AfterSuite configAS" time="0.0">
    <ignored/>
  </testcase> <!-- @AfterSuite configAS -->
</testsuite> <!-- TestRunner-Firefox -->
