<?xml version="1.0" encoding="UTF-8"?>
<!-- Generated by org.testng.reporters.JUnitXMLReporter -->
<testsuite ignored="0" hostname="DESKTOP-5NNF6N4" failures="0" tests="3" name="Test-1" time="76.088" errors="0" timestamp="2025-12-31T10:59:53 IST">
  <testcase classname="com.comcast.crm.orgtest.CreateOrganizationTest2UsingPOM" name="CreateOrganizationTest2UsingPOMTest" time="18.522"/>
  <testcase classname="com.comcast.crm.orgtest.CreateOrganizationTest2UsingPOM" name="CreateOrganizationWithIndustriesTest2POM" time="16.175"/>
  <testcase classname="com.comcast.crm.orgtest.CreateOrganizationTest2UsingPOM" name="CreateOrganizationWithPhoneNumberTest2POM" time="17.833"/>
</testsuite> <!-- Test-1 -->
