<?xml version="1.0" encoding="UTF-8"?>
<!-- Generated by org.testng.reporters.JUnitXMLReporter -->
<testsuite ignored="0" hostname="DESKTOP-5NNF6N4" failures="0" tests="3" name="Test-2" time="86.42" errors="0" timestamp="2025-12-31T11:00:03 IST">
  <testcase classname="com.comcast.crm.contacttest.CreateContactTest2POM" name="CreateContactWithOrgTest2POM" time="34.804"/>
  <testcase classname="com.comcast.crm.contacttest.CreateContactTest2POM" name="CreateContactWithSupportDateTest2POM" time="13.102"/>
  <testcase classname="com.comcast.crm.contacttest.CreateContactTest2POM" name="createContactTest" time="14.993"/>
</testsuite> <!-- Test-2 -->
