<?xml version="1.0" encoding="UTF-8"?>
<!-- Generated by org.testng.reporters.JUnitXMLReporter -->
<testsuite ignored="2" hostname="DESKTOP-5NNF6N4" failures="0" tests="1" name="Test" time="22.328" errors="0" timestamp="2026-01-06T14:59:13 IST">
  <testcase classname="com.comcast.crm.orgtest.CreateOrganizationTest2UsingPOM" name="CreateOrganizationTest2UsingPOMTest" time="13.041"/>
  <testcase classname="com.comcast.crm.orgtest.CreateOrganizationTest2UsingPOM" name="CreateOrganizationWithIndustriesTest2POM" time="0.0">
    <ignored/>
  </testcase> <!-- CreateOrganizationWithIndustriesTest2POM -->
  <testcase classname="com.comcast.crm.orgtest.CreateOrganizationTest2UsingPOM" name="CreateOrganizationWithPhoneNumberTest2POM" time="0.0">
    <ignored/>
  </testcase> <!-- CreateOrganizationWithPhoneNumberTest2POM -->
</testsuite> <!-- Test -->
