<?xml version="1.0" encoding="UTF-8"?>
<!-- Generated by org.testng.reporters.JUnitReportReporter -->
<testsuite hostname="DESKTOP-5NNF6N4" failures="0" tests="2" name="Practice.TestNG.ContactTest" time="0.016" errors="0" timestamp="2025-12-29T13:04:39 IST" skipped="0">
  <testcase classname="Practice.TestNG.ContactTest" name="createContactTest" time="0.004"/>
  <testcase classname="Practice.TestNG.ContactTest" name="createCintactWIthMobileNUmberTest" time="0.012"/>
</testsuite> <!-- Practice.TestNG.ContactTest -->
