<?xml version="1.0" encoding="UTF-8"?>
<!-- Generated by org.testng.reporters.JUnitReportReporter -->
<testsuite hostname="DESKTOP-5NNF6N4" failures="0" tests="11" name="Practice.TestNG.ContactInvocationCountTest" time="0.069" errors="0" timestamp="2025-12-29T15:05:45 IST" skipped="1">
  <testcase classname="Practice.TestNG.ContactInvocationCountTest" name="createContactTest" time="0.008"/>
  <testcase classname="Practice.TestNG.ContactInvocationCountTest" name="createContactTest" time="0.006"/>
  <testcase classname="Practice.TestNG.ContactInvocationCountTest" name="createContactTest" time="0.026"/>
  <testcase classname="Practice.TestNG.ContactInvocationCountTest" name="createContactTest" time="0.004"/>
  <testcase classname="Practice.TestNG.ContactInvocationCountTest" name="createContactTest" time="0.004"/>
  <testcase classname="Practice.TestNG.ContactInvocationCountTest" name="createContactTest" time="0.006"/>
  <testcase classname="Practice.TestNG.ContactInvocationCountTest" name="createContactTest" time="0.005"/>
  <testcase classname="Practice.TestNG.ContactInvocationCountTest" name="createContactTest" time="0.006"/>
  <testcase classname="Practice.TestNG.ContactInvocationCountTest" name="createContactTest" time="0.002"/>
  <testcase classname="Practice.TestNG.ContactInvocationCountTest" name="createContactTest" time="0.002"/>
  <testcase classname="Practice.TestNG.ContactInvocationCountTest" name="createCintactWIthMobileNUmberTest">
    <skipped/>
  </testcase> <!-- createCintactWIthMobileNUmberTest -->
</testsuite> <!-- Practice.TestNG.ContactInvocationCountTest -->
