<?xml version="1.0" encoding="UTF-8"?>
<!-- Generated by org.testng.reporters.JUnitReportReporter -->
<testsuite hostname="DESKTOP-5NNF6N4" failures="0" tests="3" name="Practice.TestNG.CreateContactTest" time="0.019" errors="0" timestamp="2025-12-29T14:38:05 IST" skipped="0">
  <testcase classname="Practice.TestNG.CreateContactTest" name="deleteContactTest" time="0.003"/>
  <testcase classname="Practice.TestNG.CreateContactTest" name="modifyContactTest" time="0.003"/>
  <testcase classname="Practice.TestNG.CreateContactTest" name="createContactTest" time="0.013"/>
</testsuite> <!-- Practice.TestNG.CreateContactTest -->
