<?xml version="1.0" encoding="UTF-8"?>
<!-- Generated by org.testng.reporters.JUnitReportReporter -->
<testsuite hostname="DESKTOP-5NNF6N4" failures="0" tests="2" name="Practice.TestNG.getProductInfoTest" time="22.006" errors="0" timestamp="2025-12-29T17:37:43 IST" skipped="0">
  <testcase classname="Practice.TestNG.getProductInfoTest" name="getProductInfoTest" time="8.968"/>
  <testcase classname="Practice.TestNG.getProductInfoTest" name="getProductInfoTest" time="13.038"/>
</testsuite> <!-- Practice.TestNG.getProductInfoTest -->
