<?xml version="1.0" encoding="UTF-8"?>
<!-- Generated by org.testng.reporters.JUnitReportReporter -->
<testsuite hostname="DESKTOP-5NNF6N4" failures="0" tests="3" name="Practice.TestNG.CreateContact_UsingDataProviderTest" time="0.014" errors="0" timestamp="2025-12-29T15:50:49 IST" skipped="0">
  <testcase classname="Practice.TestNG.CreateContact_UsingDataProviderTest" name="createContactTest" time="0.002"/>
  <testcase classname="Practice.TestNG.CreateContact_UsingDataProviderTest" name="createContactTest" time="0.003"/>
  <testcase classname="Practice.TestNG.CreateContact_UsingDataProviderTest" name="createContactTest" time="0.009"/>
</testsuite> <!-- Practice.TestNG.CreateContact_UsingDataProviderTest -->
