<?xml version="1.0" encoding="UTF-8"?>
<!-- Generated by org.testng.reporters.JUnitReportReporter -->
<testsuite hostname="DESKTOP-5NNF6N4" failures="0" tests="3" name="com.comcast.crm.contacttest.CreateContactTest2POM" time="96.869" errors="0" timestamp="2026-01-03T13:03:11 IST" skipped="0">
  <testcase classname="com.comcast.crm.contacttest.CreateContactTest2POM" name="CreateContactWithSupportDateTest2POM" time="12.320"/>
  <testcase classname="com.comcast.crm.contacttest.CreateContactTest2POM" name="createContactTest" time="16.313"/>
  <testcase classname="com.comcast.crm.contacttest.CreateContactTest2POM" name="CreateContactWithOrgTest2POM" time="68.236"/>
</testsuite> <!-- com.comcast.crm.contacttest.CreateContactTest2POM -->
