<?xml version="1.0" encoding="UTF-8"?>
<!-- Generated by org.testng.reporters.JUnitReportReporter -->
<testsuite hostname="DESKTOP-5NNF6N4" failures="0" tests="3" name="Practice.TestNG.SampleReportTest" time="18.537" errors="0" timestamp="2026-01-05T17:10:31 IST" skipped="0">
  <testcase classname="Practice.TestNG.SampleReportTest" name="createContactWithPhoneNo" time="7.268"/>
  <testcase classname="Practice.TestNG.SampleReportTest" name="createContactTest" time="7.293"/>
  <testcase classname="Practice.TestNG.SampleReportTest" name="createContactWithOrg" time="3.976"/>
</testsuite> <!-- Practice.TestNG.SampleReportTest -->
