<?xml version="1.0" encoding="UTF-8"?>
<!-- Generated by org.testng.reporters.JUnitReportReporter -->
<testsuite hostname="DESKTOP-5NNF6N4" failures="0" tests="1" name="com.comcast.crm.orgtest.CreateOrganizationTest2UsingPOM$CreateOrganizationWithIndustriesTest2POM" time="19.715" errors="0" timestamp="2025-12-30T19:39:23 IST" skipped="0">
  <testcase classname="com.comcast.crm.orgtest.CreateOrganizationTest2UsingPOM$CreateOrganizationWithIndustriesTest2POM" name="CreateOrganizationWithIndustriesTest2POM" time="19.715"/>
</testsuite> <!-- com.comcast.crm.orgtest.CreateOrganizationTest2UsingPOM$CreateOrganizationWithIndustriesTest2POM -->
