<?xml version="1.0" encoding="UTF-8"?>
<!-- Generated by org.testng.reporters.JUnitReportReporter -->
<testsuite hostname="DESKTOP-5NNF6N4" failures="0" tests="1" name="com.comcast.crm.orgtest.CreateOrganizationTest2UsingPOM" time="260.558" errors="0" timestamp="2026-01-14T11:09:06 IST" skipped="0">
  <testcase classname="com.comcast.crm.orgtest.CreateOrganizationTest2UsingPOM" name="CreateOrganizationTest2UsingPOMTest" time="260.558"/>
</testsuite> <!-- com.comcast.crm.orgtest.CreateOrganizationTest2UsingPOM -->
