<?xml version="1.0" encoding="UTF-8"?>
<!-- Generated by org.testng.reporters.JUnitReportReporter -->
<testsuite hostname="DESKTOP-5NNF6N4" failures="0" tests="2" name="com.pac1.CreateContactTest" time="0.021" errors="0" timestamp="2025-12-30T12:33:46 IST" skipped="0">
  <testcase classname="com.pac1.CreateContactTest" name="createContactWithSupportDate" time="0.006"/>
  <testcase classname="com.pac1.CreateContactTest" name="createContact" time="0.015"/>
</testsuite> <!-- com.pac1.CreateContactTest -->
