<?xml version="1.0" encoding="UTF-8"?>
<!-- Generated by org.testng.reporters.JUnitReportReporter -->
<testsuite hostname="DESKTOP-5NNF6N4" failures="0" tests="3" name="Practice.TestNG.CreateContactDependencyTest" time="0.031" errors="0" timestamp="2025-12-29T14:58:37 IST" skipped="0">
  <testcase classname="Practice.TestNG.CreateContactDependencyTest" name="deleteContactTest" time="0.007"/>
  <testcase classname="Practice.TestNG.CreateContactDependencyTest" name="createContactTest" time="0.014"/>
  <testcase classname="Practice.TestNG.CreateContactDependencyTest" name="modifyContactTest" time="0.010"/>
</testsuite> <!-- Practice.TestNG.CreateContactDependencyTest -->
