<?xml version="1.0" encoding="UTF-8"?>
<!-- Generated by org.testng.reporters.JUnitXMLReporter -->
<testsuite ignored="1" hostname="DESKTOP-5NNF6N4" failures="1" tests="1" name="Default test(failed)" time="10.159" errors="0" timestamp="2026-01-05T12:44:18 IST">
  <testcase classname="Practice.TestNG.InvoiceTest" name="createInvoiceTest" time="0.058">
    <failure type="junit.framework.ComparisonFailure" message="expected:&amp;lt;[Administrator - Home - vtiger CRM 5 - Commercial Open Source CRM]&amp;gt; but was:&amp;lt;[login]&amp;gt;">
      <![CDATA[junit.framework.ComparisonFailure: expected:<[Administrator - Home - vtiger CRM 5 - Commercial Open Source CRM]> but was:<[login]>
at junit.framework.Assert.assertEquals(Assert.java:85)
at junit.framework.Assert.assertEquals(Assert.java:91)
at Practice.TestNG.InvoiceTest.createInvoiceTest(InvoiceTest.java:15)
at java.base/java.util.ArrayList.forEach(ArrayList.java:1511)
... Removed 27 stack frames]]>
    </failure>
  </testcase> <!-- createInvoiceTest -->
  <testcase classname="Practice.TestNG.InvoiceTest" name="createInvoicewithContactTest" time="0.0">
    <ignored/>
  </testcase> <!-- createInvoicewithContactTest -->
</testsuite> <!-- Default test(failed) -->
